

Started GET "/rails/info/properties" for 127.0.0.1 at Mon Feb 21 17:27:20 +0200 2011
  Processing by Rails::InfoController#properties as HTML
  [1m[36mSQL (0.2ms)[0m  [1mSHOW TABLES[0m
Rendered inline template (0.4ms)
Completed 200 OK in 19ms (Views: 1.5ms | ActiveRecord: 0.2ms)


Started GET "/rails/info/properties" for 127.0.0.1 at Mon Feb 21 17:27:36 +0200 2011
  Processing by Rails::InfoController#properties as HTML
Rendered inline template (0.3ms)
Completed 200 OK in 1ms (Views: 0.9ms | ActiveRecord: 0.0ms)


Started GET "/rails/info/properties" for 127.0.0.1 at Tue Feb 22 08:26:16 +0200 2011
  Processing by Rails::InfoController#properties as HTML
Rendered inline template (0.3ms)
Completed 200 OK in 2ms (Views: 1.0ms | ActiveRecord: 0.0ms)


Started GET "/" for 127.0.0.1 at Tue Feb 22 08:26:42 +0200 2011
  Processing by HomeController#index as HTML
Completed   in 6ms

ActionView::MissingTemplate (Missing template home/index with {:handlers=>[:rxml, :rjs, :builder, :erb, :rhtml], :formats=>[:html], :locale=>[:en, :en]} in view paths "/home/vzdor/work/ecigs/app/views"):
  

Rendered /usr/lib/ruby/gems/1.8/gems/actionpack-3.0.4/lib/action_dispatch/middleware/templates/rescues/missing_template.erb within rescues/layout (0.7ms)


Started GET "/" for 127.0.0.1 at Tue Feb 22 08:27:09 +0200 2011
  Processing by HomeController#index as HTML
Rendered home/index.html.erb within layouts/application (2.0ms)
Completed 200 OK in 7ms (Views: 6.0ms | ActiveRecord: 0.0ms)


Started GET "/" for 127.0.0.1 at Tue Feb 22 08:27:31 +0200 2011
  Processing by HomeController#index as HTML
Completed   in 6ms

ActionView::MissingTemplate (Missing layout layouts/home with {:handlers=>[:rxml, :rjs, :builder, :erb, :rhtml], :formats=>[:html], :locale=>[:en, :en]} in view paths "/home/vzdor/work/ecigs/app/views"):
  

Rendered /usr/lib/ruby/gems/1.8/gems/actionpack-3.0.4/lib/action_dispatch/middleware/templates/rescues/missing_template.erb within rescues/layout (0.7ms)


Started GET "/" for 127.0.0.1 at Tue Feb 22 08:27:52 +0200 2011
  Processing by HomeController#index as HTML
Rendered home/index.html.erb within layouts/application (2.1ms)
Completed 200 OK in 7ms (Views: 6.5ms | ActiveRecord: 0.0ms)


Started GET "/" for 127.0.0.1 at Tue Feb 22 08:30:21 +0200 2011
  Processing by HomeController#index as HTML
Rendered home/index.html.erb within layouts/application (2.1ms)
Completed 200 OK in 7ms (Views: 6.2ms | ActiveRecord: 0.0ms)


Started GET "/" for 127.0.0.1 at Tue Feb 22 08:31:32 +0200 2011
  Processing by HomeController#index as HTML
Rendered home/index.html.erb within layouts/application (2.3ms)
Completed 200 OK in 7ms (Views: 6.4ms | ActiveRecord: 0.0ms)


Started GET "/stylesheets/images/img01.jpg" for 127.0.0.1 at Tue Feb 22 08:31:33 +0200 2011

ActionController::RoutingError (No route matches "/stylesheets/images/img01.jpg"):
  

Rendered /usr/lib/ruby/gems/1.8/gems/actionpack-3.0.4/lib/action_dispatch/middleware/templates/rescues/routing_error.erb within rescues/layout (1.0ms)


Started GET "/stylesheets/images/img02.jpg" for 127.0.0.1 at Tue Feb 22 08:31:33 +0200 2011

ActionController::RoutingError (No route matches "/stylesheets/images/img02.jpg"):
  

Rendered /usr/lib/ruby/gems/1.8/gems/actionpack-3.0.4/lib/action_dispatch/middleware/templates/rescues/routing_error.erb within rescues/layout (1.0ms)


Started GET "/stylesheets/images/img03.jpg" for 127.0.0.1 at Tue Feb 22 08:31:33 +0200 2011

ActionController::RoutingError (No route matches "/stylesheets/images/img03.jpg"):
  

Rendered /usr/lib/ruby/gems/1.8/gems/actionpack-3.0.4/lib/action_dispatch/middleware/templates/rescues/routing_error.erb within rescues/layout (1.0ms)


Started GET "/stylesheets/images/img05.jpg" for 127.0.0.1 at Tue Feb 22 08:31:33 +0200 2011

ActionController::RoutingError (No route matches "/stylesheets/images/img05.jpg"):
  

Rendered /usr/lib/ruby/gems/1.8/gems/actionpack-3.0.4/lib/action_dispatch/middleware/templates/rescues/routing_error.erb within rescues/layout (0.9ms)


Started GET "/stylesheets/images/img07.jpg" for 127.0.0.1 at Tue Feb 22 08:31:33 +0200 2011

ActionController::RoutingError (No route matches "/stylesheets/images/img07.jpg"):
  

Rendered /usr/lib/ruby/gems/1.8/gems/actionpack-3.0.4/lib/action_dispatch/middleware/templates/rescues/routing_error.erb within rescues/layout (0.9ms)


Started GET "/stylesheets/images/img04.jpg" for 127.0.0.1 at Tue Feb 22 08:31:33 +0200 2011

ActionController::RoutingError (No route matches "/stylesheets/images/img04.jpg"):
  

Rendered /usr/lib/ruby/gems/1.8/gems/actionpack-3.0.4/lib/action_dispatch/middleware/templates/rescues/routing_error.erb within rescues/layout (0.9ms)


Started GET "/" for 127.0.0.1 at Tue Feb 22 08:36:55 +0200 2011
  Processing by HomeController#index as HTML
Rendered home/index.html.erb within layouts/application (2.3ms)
Completed 200 OK in 7ms (Views: 6.4ms | ActiveRecord: 0.0ms)


Started GET "/stylesheets/images/img01.jpg" for 127.0.0.1 at Tue Feb 22 08:36:55 +0200 2011

ActionController::RoutingError (No route matches "/stylesheets/images/img01.jpg"):
  

Rendered /usr/lib/ruby/gems/1.8/gems/actionpack-3.0.4/lib/action_dispatch/middleware/templates/rescues/routing_error.erb within rescues/layout (0.9ms)


Started GET "/stylesheets/images/img02.jpg" for 127.0.0.1 at Tue Feb 22 08:36:55 +0200 2011

ActionController::RoutingError (No route matches "/stylesheets/images/img02.jpg"):
  

Rendered /usr/lib/ruby/gems/1.8/gems/actionpack-3.0.4/lib/action_dispatch/middleware/templates/rescues/routing_error.erb within rescues/layout (0.9ms)


Started GET "/stylesheets/images/img03.jpg" for 127.0.0.1 at Tue Feb 22 08:36:55 +0200 2011

ActionController::RoutingError (No route matches "/stylesheets/images/img03.jpg"):
  

Rendered /usr/lib/ruby/gems/1.8/gems/actionpack-3.0.4/lib/action_dispatch/middleware/templates/rescues/routing_error.erb within rescues/layout (0.9ms)


Started GET "/stylesheets/images/img05.jpg" for 127.0.0.1 at Tue Feb 22 08:36:55 +0200 2011

ActionController::RoutingError (No route matches "/stylesheets/images/img05.jpg"):
  

Rendered /usr/lib/ruby/gems/1.8/gems/actionpack-3.0.4/lib/action_dispatch/middleware/templates/rescues/routing_error.erb within rescues/layout (0.9ms)


Started GET "/stylesheets/images/img07.jpg" for 127.0.0.1 at Tue Feb 22 08:36:55 +0200 2011

ActionController::RoutingError (No route matches "/stylesheets/images/img07.jpg"):
  

Rendered /usr/lib/ruby/gems/1.8/gems/actionpack-3.0.4/lib/action_dispatch/middleware/templates/rescues/routing_error.erb within rescues/layout (0.9ms)


Started GET "/stylesheets/images/img04.jpg" for 127.0.0.1 at Tue Feb 22 08:36:55 +0200 2011

ActionController::RoutingError (No route matches "/stylesheets/images/img04.jpg"):
  

Rendered /usr/lib/ruby/gems/1.8/gems/actionpack-3.0.4/lib/action_dispatch/middleware/templates/rescues/routing_error.erb within rescues/layout (0.9ms)


Started GET "/" for 127.0.0.1 at Tue Feb 22 08:38:15 +0200 2011
  Processing by HomeController#index as HTML
Rendered home/index.html.erb within layouts/application (2.5ms)
Completed 200 OK in 8ms (Views: 6.9ms | ActiveRecord: 0.0ms)


Started GET "/stylesheets/images/img01.jpg" for 127.0.0.1 at Tue Feb 22 08:38:15 +0200 2011

ActionController::RoutingError (No route matches "/stylesheets/images/img01.jpg"):
  

Rendered /usr/lib/ruby/gems/1.8/gems/actionpack-3.0.4/lib/action_dispatch/middleware/templates/rescues/routing_error.erb within rescues/layout (1.0ms)


Started GET "/stylesheets/images/img02.jpg" for 127.0.0.1 at Tue Feb 22 08:38:15 +0200 2011

ActionController::RoutingError (No route matches "/stylesheets/images/img02.jpg"):
  

Rendered /usr/lib/ruby/gems/1.8/gems/actionpack-3.0.4/lib/action_dispatch/middleware/templates/rescues/routing_error.erb within rescues/layout (0.9ms)


Started GET "/stylesheets/images/img03.jpg" for 127.0.0.1 at Tue Feb 22 08:38:15 +0200 2011

ActionController::RoutingError (No route matches "/stylesheets/images/img03.jpg"):
  

Rendered /usr/lib/ruby/gems/1.8/gems/actionpack-3.0.4/lib/action_dispatch/middleware/templates/rescues/routing_error.erb within rescues/layout (0.9ms)


Started GET "/stylesheets/images/img05.jpg" for 127.0.0.1 at Tue Feb 22 08:38:15 +0200 2011

ActionController::RoutingError (No route matches "/stylesheets/images/img05.jpg"):
  

Rendered /usr/lib/ruby/gems/1.8/gems/actionpack-3.0.4/lib/action_dispatch/middleware/templates/rescues/routing_error.erb within rescues/layout (0.9ms)


Started GET "/stylesheets/images/img07.jpg" for 127.0.0.1 at Tue Feb 22 08:38:15 +0200 2011

ActionController::RoutingError (No route matches "/stylesheets/images/img07.jpg"):
  

Rendered /usr/lib/ruby/gems/1.8/gems/actionpack-3.0.4/lib/action_dispatch/middleware/templates/rescues/routing_error.erb within rescues/layout (0.9ms)


Started GET "/stylesheets/images/img04.jpg" for 127.0.0.1 at Tue Feb 22 08:38:15 +0200 2011

ActionController::RoutingError (No route matches "/stylesheets/images/img04.jpg"):
  

Rendered /usr/lib/ruby/gems/1.8/gems/actionpack-3.0.4/lib/action_dispatch/middleware/templates/rescues/routing_error.erb within rescues/layout (0.9ms)


Started GET "/" for 127.0.0.1 at Tue Feb 22 08:38:26 +0200 2011
  Processing by HomeController#index as HTML
Rendered home/index.html.erb within layouts/application (2.3ms)
Completed 200 OK in 7ms (Views: 6.5ms | ActiveRecord: 0.0ms)


Started GET "/stylesheets/images/img01.jpg" for 127.0.0.1 at Tue Feb 22 08:38:26 +0200 2011

ActionController::RoutingError (No route matches "/stylesheets/images/img01.jpg"):
  

Rendered /usr/lib/ruby/gems/1.8/gems/actionpack-3.0.4/lib/action_dispatch/middleware/templates/rescues/routing_error.erb within rescues/layout (0.9ms)


Started GET "/stylesheets/images/img02.jpg" for 127.0.0.1 at Tue Feb 22 08:38:26 +0200 2011

ActionController::RoutingError (No route matches "/stylesheets/images/img02.jpg"):
  

Rendered /usr/lib/ruby/gems/1.8/gems/actionpack-3.0.4/lib/action_dispatch/middleware/templates/rescues/routing_error.erb within rescues/layout (1.0ms)


Started GET "/stylesheets/images/img03.jpg" for 127.0.0.1 at Tue Feb 22 08:38:26 +0200 2011

ActionController::RoutingError (No route matches "/stylesheets/images/img03.jpg"):
  

Rendered /usr/lib/ruby/gems/1.8/gems/actionpack-3.0.4/lib/action_dispatch/middleware/templates/rescues/routing_error.erb within rescues/layout (1.0ms)


Started GET "/stylesheets/images/img05.jpg" for 127.0.0.1 at Tue Feb 22 08:38:26 +0200 2011

ActionController::RoutingError (No route matches "/stylesheets/images/img05.jpg"):
  

Rendered /usr/lib/ruby/gems/1.8/gems/actionpack-3.0.4/lib/action_dispatch/middleware/templates/rescues/routing_error.erb within rescues/layout (1.2ms)


Started GET "/stylesheets/images/img07.jpg" for 127.0.0.1 at Tue Feb 22 08:38:26 +0200 2011

ActionController::RoutingError (No route matches "/stylesheets/images/img07.jpg"):
  

Rendered /usr/lib/ruby/gems/1.8/gems/actionpack-3.0.4/lib/action_dispatch/middleware/templates/rescues/routing_error.erb within rescues/layout (0.9ms)


Started GET "/stylesheets/images/img04.jpg" for 127.0.0.1 at Tue Feb 22 08:38:26 +0200 2011

ActionController::RoutingError (No route matches "/stylesheets/images/img04.jpg"):
  

Rendered /usr/lib/ruby/gems/1.8/gems/actionpack-3.0.4/lib/action_dispatch/middleware/templates/rescues/routing_error.erb within rescues/layout (0.9ms)


Started GET "/" for 127.0.0.1 at Tue Feb 22 08:38:55 +0200 2011
  Processing by HomeController#index as HTML
Rendered home/index.html.erb within layouts/application (3.3ms)
Completed 200 OK in 8ms (Views: 7.6ms | ActiveRecord: 0.0ms)


Started GET "/stylesheets/images/img01.jpg" for 127.0.0.1 at Tue Feb 22 08:38:55 +0200 2011

ActionController::RoutingError (No route matches "/stylesheets/images/img01.jpg"):
  

Rendered /usr/lib/ruby/gems/1.8/gems/actionpack-3.0.4/lib/action_dispatch/middleware/templates/rescues/routing_error.erb within rescues/layout (0.9ms)


Started GET "/stylesheets/images/img02.jpg" for 127.0.0.1 at Tue Feb 22 08:38:55 +0200 2011

ActionController::RoutingError (No route matches "/stylesheets/images/img02.jpg"):
  

Rendered /usr/lib/ruby/gems/1.8/gems/actionpack-3.0.4/lib/action_dispatch/middleware/templates/rescues/routing_error.erb within rescues/layout (1.0ms)


Started GET "/stylesheets/images/img03.jpg" for 127.0.0.1 at Tue Feb 22 08:38:55 +0200 2011

ActionController::RoutingError (No route matches "/stylesheets/images/img03.jpg"):
  

Rendered /usr/lib/ruby/gems/1.8/gems/actionpack-3.0.4/lib/action_dispatch/middleware/templates/rescues/routing_error.erb within rescues/layout (0.9ms)


Started GET "/stylesheets/images/img05.jpg" for 127.0.0.1 at Tue Feb 22 08:38:55 +0200 2011

ActionController::RoutingError (No route matches "/stylesheets/images/img05.jpg"):
  

Rendered /usr/lib/ruby/gems/1.8/gems/actionpack-3.0.4/lib/action_dispatch/middleware/templates/rescues/routing_error.erb within rescues/layout (0.9ms)


Started GET "/stylesheets/images/img07.jpg" for 127.0.0.1 at Tue Feb 22 08:38:55 +0200 2011

ActionController::RoutingError (No route matches "/stylesheets/images/img07.jpg"):
  

Rendered /usr/lib/ruby/gems/1.8/gems/actionpack-3.0.4/lib/action_dispatch/middleware/templates/rescues/routing_error.erb within rescues/layout (0.9ms)


Started GET "/stylesheets/images/img04.jpg" for 127.0.0.1 at Tue Feb 22 08:38:55 +0200 2011

ActionController::RoutingError (No route matches "/stylesheets/images/img04.jpg"):
  

Rendered /usr/lib/ruby/gems/1.8/gems/actionpack-3.0.4/lib/action_dispatch/middleware/templates/rescues/routing_error.erb within rescues/layout (0.8ms)


Started GET "/" for 127.0.0.1 at Tue Feb 22 08:39:58 +0200 2011
  Processing by HomeController#index as HTML
Rendered home/index.html.erb within layouts/application (2.3ms)
Completed 200 OK in 7ms (Views: 6.4ms | ActiveRecord: 0.0ms)


Started GET "/stylesheets/images/img01.jpg" for 127.0.0.1 at Tue Feb 22 08:39:58 +0200 2011

ActionController::RoutingError (No route matches "/stylesheets/images/img01.jpg"):
  

Rendered /usr/lib/ruby/gems/1.8/gems/actionpack-3.0.4/lib/action_dispatch/middleware/templates/rescues/routing_error.erb within rescues/layout (1.0ms)


Started GET "/stylesheets/images/img02.jpg" for 127.0.0.1 at Tue Feb 22 08:39:58 +0200 2011

ActionController::RoutingError (No route matches "/stylesheets/images/img02.jpg"):
  

Rendered /usr/lib/ruby/gems/1.8/gems/actionpack-3.0.4/lib/action_dispatch/middleware/templates/rescues/routing_error.erb within rescues/layout (0.9ms)


Started GET "/stylesheets/images/img03.jpg" for 127.0.0.1 at Tue Feb 22 08:39:58 +0200 2011

ActionController::RoutingError (No route matches "/stylesheets/images/img03.jpg"):
  

Rendered /usr/lib/ruby/gems/1.8/gems/actionpack-3.0.4/lib/action_dispatch/middleware/templates/rescues/routing_error.erb within rescues/layout (0.9ms)


Started GET "/stylesheets/images/img05.jpg" for 127.0.0.1 at Tue Feb 22 08:39:58 +0200 2011

ActionController::RoutingError (No route matches "/stylesheets/images/img05.jpg"):
  

Rendered /usr/lib/ruby/gems/1.8/gems/actionpack-3.0.4/lib/action_dispatch/middleware/templates/rescues/routing_error.erb within rescues/layout (0.9ms)


Started GET "/stylesheets/images/img07.jpg" for 127.0.0.1 at Tue Feb 22 08:39:58 +0200 2011

ActionController::RoutingError (No route matches "/stylesheets/images/img07.jpg"):
  

Rendered /usr/lib/ruby/gems/1.8/gems/actionpack-3.0.4/lib/action_dispatch/middleware/templates/rescues/routing_error.erb within rescues/layout (0.9ms)


Started GET "/stylesheets/images/img04.jpg" for 127.0.0.1 at Tue Feb 22 08:39:58 +0200 2011

ActionController::RoutingError (No route matches "/stylesheets/images/img04.jpg"):
  

Rendered /usr/lib/ruby/gems/1.8/gems/actionpack-3.0.4/lib/action_dispatch/middleware/templates/rescues/routing_error.erb within rescues/layout (0.9ms)


Started GET "/" for 127.0.0.1 at Tue Feb 22 08:41:12 +0200 2011
  Processing by HomeController#index as HTML
Rendered home/index.html.erb within layouts/application (2.3ms)
Completed 200 OK in 7ms (Views: 6.5ms | ActiveRecord: 0.0ms)


Started GET "/stylesheets/images/img02.jpg" for 127.0.0.1 at Tue Feb 22 08:41:13 +0200 2011

ActionController::RoutingError (No route matches "/stylesheets/images/img02.jpg"):
  

Rendered /usr/lib/ruby/gems/1.8/gems/actionpack-3.0.4/lib/action_dispatch/middleware/templates/rescues/routing_error.erb within rescues/layout (0.9ms)


Started GET "/stylesheets/images/img03.jpg" for 127.0.0.1 at Tue Feb 22 08:41:13 +0200 2011

ActionController::RoutingError (No route matches "/stylesheets/images/img03.jpg"):
  

Rendered /usr/lib/ruby/gems/1.8/gems/actionpack-3.0.4/lib/action_dispatch/middleware/templates/rescues/routing_error.erb within rescues/layout (0.9ms)


Started GET "/stylesheets/images/img05.jpg" for 127.0.0.1 at Tue Feb 22 08:41:13 +0200 2011

ActionController::RoutingError (No route matches "/stylesheets/images/img05.jpg"):
  

Rendered /usr/lib/ruby/gems/1.8/gems/actionpack-3.0.4/lib/action_dispatch/middleware/templates/rescues/routing_error.erb within rescues/layout (0.9ms)


Started GET "/stylesheets/images/img07.jpg" for 127.0.0.1 at Tue Feb 22 08:41:13 +0200 2011

ActionController::RoutingError (No route matches "/stylesheets/images/img07.jpg"):
  

Rendered /usr/lib/ruby/gems/1.8/gems/actionpack-3.0.4/lib/action_dispatch/middleware/templates/rescues/routing_error.erb within rescues/layout (0.9ms)


Started GET "/stylesheets/images/img04.jpg" for 127.0.0.1 at Tue Feb 22 08:41:13 +0200 2011

ActionController::RoutingError (No route matches "/stylesheets/images/img04.jpg"):
  

Rendered /usr/lib/ruby/gems/1.8/gems/actionpack-3.0.4/lib/action_dispatch/middleware/templates/rescues/routing_error.erb within rescues/layout (0.8ms)


Started GET "/" for 127.0.0.1 at Tue Feb 22 08:41:18 +0200 2011
  Processing by HomeController#index as HTML
Rendered home/index.html.erb within layouts/application (2.6ms)
Completed 200 OK in 69ms (Views: 68.0ms | ActiveRecord: 0.0ms)


Started GET "/stylesheets/images/img03.jpg" for 127.0.0.1 at Tue Feb 22 08:41:19 +0200 2011

ActionController::RoutingError (No route matches "/stylesheets/images/img03.jpg"):
  

Rendered /usr/lib/ruby/gems/1.8/gems/actionpack-3.0.4/lib/action_dispatch/middleware/templates/rescues/routing_error.erb within rescues/layout (1.0ms)


Started GET "/stylesheets/images/img05.jpg" for 127.0.0.1 at Tue Feb 22 08:41:19 +0200 2011

ActionController::RoutingError (No route matches "/stylesheets/images/img05.jpg"):
  

Rendered /usr/lib/ruby/gems/1.8/gems/actionpack-3.0.4/lib/action_dispatch/middleware/templates/rescues/routing_error.erb within rescues/layout (0.9ms)


Started GET "/stylesheets/images/img07.jpg" for 127.0.0.1 at Tue Feb 22 08:41:19 +0200 2011

ActionController::RoutingError (No route matches "/stylesheets/images/img07.jpg"):
  

Rendered /usr/lib/ruby/gems/1.8/gems/actionpack-3.0.4/lib/action_dispatch/middleware/templates/rescues/routing_error.erb within rescues/layout (0.9ms)


Started GET "/stylesheets/images/img04.jpg" for 127.0.0.1 at Tue Feb 22 08:41:19 +0200 2011

ActionController::RoutingError (No route matches "/stylesheets/images/img04.jpg"):
  

Rendered /usr/lib/ruby/gems/1.8/gems/actionpack-3.0.4/lib/action_dispatch/middleware/templates/rescues/routing_error.erb within rescues/layout (0.9ms)


Started GET "/" for 127.0.0.1 at Tue Feb 22 08:41:35 +0200 2011
  Processing by HomeController#index as HTML
Rendered home/index.html.erb within layouts/application (2.3ms)
Completed 200 OK in 7ms (Views: 6.5ms | ActiveRecord: 0.0ms)


Started GET "/" for 127.0.0.1 at Tue Feb 22 08:42:18 +0200 2011
  Processing by HomeController#index as HTML
Rendered home/index.html.erb within layouts/application (2.5ms)
Completed 200 OK in 8ms (Views: 7.0ms | ActiveRecord: 0.0ms)


Started GET "/" for 127.0.0.1 at Tue Feb 22 08:43:02 +0200 2011
  Processing by HomeController#index as HTML
Rendered home/index.html.erb within layouts/application (2.3ms)
Completed 200 OK in 7ms (Views: 6.6ms | ActiveRecord: 0.0ms)


Started GET "/" for 127.0.0.1 at Tue Feb 22 08:44:21 +0200 2011
  Processing by HomeController#index as HTML
Rendered home/index.html.erb within layouts/application (2.6ms)
Completed 200 OK in 65ms (Views: 64.2ms | ActiveRecord: 0.0ms)


Started GET "/" for 127.0.0.1 at Tue Feb 22 08:44:23 +0200 2011
  Processing by HomeController#index as HTML
Rendered home/index.html.erb within layouts/application (2.3ms)
Completed 200 OK in 7ms (Views: 6.5ms | ActiveRecord: 0.0ms)


Started GET "/" for 127.0.0.1 at Tue Feb 22 08:44:25 +0200 2011
  Processing by HomeController#index as HTML
Rendered home/index.html.erb within layouts/application (2.3ms)
Completed 200 OK in 7ms (Views: 6.5ms | ActiveRecord: 0.0ms)


Started GET "/" for 127.0.0.1 at Tue Feb 22 08:44:39 +0200 2011
  Processing by HomeController#index as HTML
Rendered home/index.html.erb within layouts/application (2.3ms)
Completed 200 OK in 7ms (Views: 6.4ms | ActiveRecord: 0.0ms)


Started GET "/" for 127.0.0.1 at Tue Feb 22 08:45:11 +0200 2011
  Processing by HomeController#index as HTML
Rendered home/index.html.erb within layouts/application (2.4ms)
Completed 200 OK in 7ms (Views: 6.8ms | ActiveRecord: 0.0ms)


Started GET "/" for 127.0.0.1 at Tue Feb 22 08:45:22 +0200 2011
  Processing by HomeController#index as HTML
Rendered home/index.html.erb within layouts/application (2.5ms)
Completed 200 OK in 7ms (Views: 6.7ms | ActiveRecord: 0.0ms)


Started GET "/" for 127.0.0.1 at Tue Feb 22 08:47:02 +0200 2011
  Processing by HomeController#index as HTML
Rendered home/index.html.erb within layouts/application (2.4ms)
Completed 200 OK in 7ms (Views: 6.9ms | ActiveRecord: 0.0ms)


Started GET "/" for 127.0.0.1 at Tue Feb 22 08:50:43 +0200 2011
  Processing by HomeController#index as HTML
Rendered home/index.html.erb within layouts/application (2.3ms)
Completed 200 OK in 7ms (Views: 6.3ms | ActiveRecord: 0.0ms)


Started GET "/" for 127.0.0.1 at Tue Feb 22 08:51:01 +0200 2011
  Processing by HomeController#index as HTML
Rendered home/index.html.erb within layouts/application (2.4ms)
Completed 200 OK in 7ms (Views: 6.9ms | ActiveRecord: 0.0ms)


Started GET "/" for 127.0.0.1 at Tue Feb 22 08:51:15 +0200 2011
  Processing by HomeController#index as HTML
Rendered home/index.html.erb within layouts/application (3.3ms)
Completed   in 8ms

ActionView::Template::Error (Missing partial home/sidebar with {:handlers=>[:rxml, :rjs, :builder, :erb, :rhtml], :formats=>[:html], :locale=>[:en, :en]} in view paths "/home/vzdor/work/ecigs/app/views"):
    33:           <%= yield %>
    34: 	</div>
    35: 	<!-- end div#content -->
    36:         <%= render :partial => "sidebar" %>
    37:         <div style="clear: both; height: 1px"></div>
    38:       </div>
    39:     </div>
  app/views/layouts/application.html.erb:36:in `_app_views_layouts_application_html_erb___768354463__621517678_0'

Rendered /usr/lib/ruby/gems/1.8/gems/actionpack-3.0.4/lib/action_dispatch/middleware/templates/rescues/_trace.erb (1.5ms)
Rendered /usr/lib/ruby/gems/1.8/gems/actionpack-3.0.4/lib/action_dispatch/middleware/templates/rescues/_request_and_response.erb (6.0ms)
Rendered /usr/lib/ruby/gems/1.8/gems/actionpack-3.0.4/lib/action_dispatch/middleware/templates/rescues/template_error.erb within rescues/layout (12.1ms)


Started GET "/" for 127.0.0.1 at Tue Feb 22 08:51:23 +0200 2011
  Processing by HomeController#index as HTML
Rendered layouts/_sidebar.html.erb (0.4ms)
Rendered home/index.html.erb within layouts/application (3.8ms)
Completed 200 OK in 8ms (Views: 7.8ms | ActiveRecord: 0.0ms)


Started GET "/" for 127.0.0.1 at Tue Feb 22 08:55:25 +0200 2011
  Processing by HomeController#index as HTML
Rendered layouts/_sidebar.html.erb (0.4ms)
Rendered home/index.html.erb within layouts/application (4.1ms)
Completed 200 OK in 9ms (Views: 8.4ms | ActiveRecord: 0.0ms)


Started GET "/" for 127.0.0.1 at Tue Feb 22 08:57:46 +0200 2011
  Processing by HomeController#index as HTML
Rendered layouts/_sidebar.html.erb (0.4ms)
Rendered home/index.html.erb within layouts/application (3.8ms)
Completed 200 OK in 8ms (Views: 7.7ms | ActiveRecord: 0.0ms)


Started GET "/" for 127.0.0.1 at Tue Feb 22 08:58:28 +0200 2011
  Processing by HomeController#index as HTML
Rendered layouts/_sidebar.html.erb (0.4ms)
Rendered home/index.html.erb within layouts/application (5.3ms)
Completed 200 OK in 10ms (Views: 9.6ms | ActiveRecord: 0.0ms)


Started GET "/" for 127.0.0.1 at Tue Feb 22 09:04:40 +0200 2011
  Processing by HomeController#index as HTML
Rendered home/index.html.erb within layouts/application (2.3ms)
Completed 200 OK in 7ms (Views: 6.4ms | ActiveRecord: 0.0ms)


Started GET "/" for 127.0.0.1 at Tue Feb 22 09:05:17 +0200 2011
  Processing by HomeController#index as HTML
Rendered home/index.html.erb within layouts/application (2.4ms)
Completed 200 OK in 7ms (Views: 6.8ms | ActiveRecord: 0.0ms)


Started GET "/" for 127.0.0.1 at Tue Feb 22 09:05:21 +0200 2011
  Processing by HomeController#index as HTML
Rendered layouts/_sidebar.html.erb (0.4ms)
Rendered home/index.html.erb within layouts/application (3.9ms)
Completed 200 OK in 8ms (Views: 7.9ms | ActiveRecord: 0.0ms)
  [1m[36mSQL (0.2ms)[0m  [1mSHOW TABLES[0m
  [1m[35mSQL (2.7ms)[0m  CREATE TABLE `schema_migrations` (`version` varchar(255) NOT NULL) ENGINE=InnoDB
  [1m[36mSQL (9.8ms)[0m  [1mSHOW KEYS FROM `schema_migrations`[0m
  [1m[35mSQL (3.9ms)[0m  CREATE UNIQUE INDEX `unique_schema_migrations` ON `schema_migrations` (`version`)
  [1m[36mSQL (0.2ms)[0m  [1mSHOW TABLES[0m
  [1m[35mSQL (0.2ms)[0m  SHOW TABLES
  [1m[36mSQL (0.2ms)[0m  [1mSELECT `schema_migrations`.`version` FROM `schema_migrations`[0m
  [1m[35mSQL (0.3ms)[0m  DROP DATABASE IF EXISTS `ecigs_test`
  [1m[36mSQL (46.5ms)[0m  [1mCREATE DATABASE `ecigs_test` DEFAULT CHARACTER SET `utf8`[0m
  [1m[36mSQL (0.2ms)[0m  [1mSHOW TABLES[0m
  [1m[35mSQL (0.1ms)[0m  SHOW TABLES
  [1m[36mSQL (0.1ms)[0m  [1mSELECT `schema_migrations`.`version` FROM `schema_migrations`[0m
  [1m[35mSQL (0.3ms)[0m  DROP DATABASE IF EXISTS `ecigs_test`
  [1m[36mSQL (0.8ms)[0m  [1mCREATE DATABASE `ecigs_test` DEFAULT CHARACTER SET `utf8`[0m
  [1m[36mSQL (0.2ms)[0m  [1mSHOW TABLES[0m
  [1m[35mSQL (0.2ms)[0m  SHOW TABLES
  [1m[36mSQL (0.1ms)[0m  [1mSHOW TABLES[0m
  [1m[35mSQL (0.1ms)[0m  SELECT `schema_migrations`.`version` FROM `schema_migrations`
  [1m[36mSQL (0.1ms)[0m  [1mSHOW TABLES[0m
  [1m[36mSQL (0.2ms)[0m  [1mSHOW TABLES[0m
  [1m[35mSQL (0.2ms)[0m  SHOW TABLES
  [1m[36mSQL (0.1ms)[0m  [1mSELECT `schema_migrations`.`version` FROM `schema_migrations`[0m
  [1m[35mSQL (0.3ms)[0m  DROP DATABASE IF EXISTS `ecigs_test`
  [1m[36mSQL (0.7ms)[0m  [1mCREATE DATABASE `ecigs_test` DEFAULT CHARACTER SET `utf8`[0m
  [1m[35mSQL (0.2ms)[0m  SHOW TABLES
  [1m[36mSQL (2.6ms)[0m  [1mCREATE TABLE `schema_migrations` (`version` varchar(255) NOT NULL) ENGINE=InnoDB[0m
  [1m[35mSQL (0.4ms)[0m  SHOW KEYS FROM `schema_migrations`
  [1m[36mSQL (3.2ms)[0m  [1mCREATE UNIQUE INDEX `unique_schema_migrations` ON `schema_migrations` (`version`)[0m
  [1m[35mSQL (0.2ms)[0m  SHOW TABLES
  [1m[36mSQL (0.3ms)[0m  [1mSELECT version FROM `schema_migrations`[0m
  [1m[35mSQL (0.4ms)[0m  INSERT INTO `schema_migrations` (version) VALUES ('0')
  [1m[36mSQL (0.1ms)[0m  [1mSHOW TABLES[0m
  [1m[35mSQL (0.1ms)[0m  SHOW TABLES
  [1m[36mSQL (0.1ms)[0m  [1mSELECT `schema_migrations`.`version` FROM `schema_migrations`[0m
  [1m[35mSQL (1.9ms)[0m  DROP DATABASE IF EXISTS `ecigs_test`
  [1m[36mSQL (0.8ms)[0m  [1mCREATE DATABASE `ecigs_test` DEFAULT CHARACTER SET `utf8`[0m
  [1m[35mSQL (0.2ms)[0m  SHOW TABLES
  [1m[36mSQL (2.1ms)[0m  [1mCREATE TABLE `schema_migrations` (`version` varchar(255) NOT NULL) ENGINE=InnoDB[0m
  [1m[35mSQL (0.3ms)[0m  SHOW KEYS FROM `schema_migrations`
  [1m[36mSQL (3.0ms)[0m  [1mCREATE UNIQUE INDEX `unique_schema_migrations` ON `schema_migrations` (`version`)[0m
  [1m[35mSQL (0.2ms)[0m  SHOW TABLES
  [1m[36mSQL (0.2ms)[0m  [1mSELECT version FROM `schema_migrations`[0m
  [1m[35mSQL (0.3ms)[0m  INSERT INTO `schema_migrations` (version) VALUES ('0')
  [1m[36mSQL (0.2ms)[0m  [1mSHOW TABLES[0m
  [1m[35mSQL (0.2ms)[0m  SHOW TABLES
  [1m[36mSQL (0.1ms)[0m  [1mSELECT `schema_migrations`.`version` FROM `schema_migrations`[0m
  [1m[35mSQL (1.9ms)[0m  DROP DATABASE IF EXISTS `ecigs_test`
  [1m[36mSQL (0.6ms)[0m  [1mCREATE DATABASE `ecigs_test` DEFAULT CHARACTER SET `utf8`[0m
  [1m[35mSQL (0.1ms)[0m  SHOW TABLES
  [1m[36mSQL (2.2ms)[0m  [1mCREATE TABLE `schema_migrations` (`version` varchar(255) NOT NULL) ENGINE=InnoDB[0m
  [1m[35mSQL (0.3ms)[0m  SHOW KEYS FROM `schema_migrations`
  [1m[36mSQL (3.5ms)[0m  [1mCREATE UNIQUE INDEX `unique_schema_migrations` ON `schema_migrations` (`version`)[0m
  [1m[35mSQL (0.2ms)[0m  SHOW TABLES
  [1m[36mSQL (0.2ms)[0m  [1mSELECT version FROM `schema_migrations`[0m
  [1m[35mSQL (0.3ms)[0m  INSERT INTO `schema_migrations` (version) VALUES ('0')
